{
  "RSpec": {
    "coverage": {
      "/Users/david/Desktop/projects/bookmark_challenge/bookmark_manager/app/app.rb": [
        1,
        1,
        null,
        1,
        1,
        2,
        null,
        null,
        1,
        5,
        5,
        null,
        null,
        1,
        1,
        1,
        1,
        null,
        null,
        1,
        null
      ],
      "/Users/david/Desktop/projects/bookmark_challenge/bookmark_manager/lib/bookmark.rb": [
        1,
        null,
        1,
        null,
        1,
        null,
        1,
        4,
        4,
        null,
        null,
        1,
        8,
        255,
        null,
        null,
        null
      ],
      "/Users/david/Desktop/projects/bookmark_challenge/bookmark_manager/spec/bookmark_spec.rb": [
        1,
        null,
        1,
        1,
        4,
        null,
        1,
        1,
        null,
        null
      ],
      "/Users/david/Desktop/projects/bookmark_challenge/bookmark_manager/spec/features/adding_a_new_bookmark_spec.rb": [
        1,
        1,
        1,
        1,
        1,
        1,
        1,
        1,
        null,
        null
      ],
      "/Users/david/Desktop/projects/bookmark_challenge/bookmark_manager/spec/features/implementation_feature_spec.rb": [
        1,
        1,
        1,
        1,
        null,
        null
      ],
      "/Users/david/Desktop/projects/bookmark_challenge/bookmark_manager/spec/features/viewing_bookmarks_feature_spec.rb": [
        1,
        1,
        1,
        1,
        1,
        1,
        1,
        null,
        1,
        1,
        1,
        1,
        null,
        null
      ]
    },
    "timestamp": 1548860523
  }
}
